<?xml version="1.0" encoding="UTF-8"?>
<!-- Generated by org.testng.reporters.JUnitReportReporter -->
<testsuite hostname="LAPTOP-ERR8R0T2" failures="0" tests="3" name="presentation.HardPopupExample" time="63.712" errors="0" timestamp="2025-09-14T15:43:57 CST" skipped="0">
  <testcase classname="presentation.HardPopupExample" name="testJsPrompt" time="22.733"/>
  <testcase classname="presentation.HardPopupExample" name="testJsAlert" time="19.469"/>
  <testcase classname="presentation.HardPopupExample" name="testJsConfirm" time="21.510"/>
</testsuite> <!-- presentation.HardPopupExample -->
