<?xml version="1.0" encoding="UTF-8"?>
<!-- Generated by org.testng.reporters.JUnitReportReporter -->
<testsuite hostname="LAPTOP-ERR8R0T2" failures="0" tests="1" name="presentation1.KeyboardActions" time="53.390" errors="0" timestamp="2025-09-15T11:21:48 CST" skipped="0">
  <testcase classname="presentation1.KeyboardActions" name="testKeyboardCopyPaste" time="53.390"/>
</testsuite> <!-- presentation1.KeyboardActions -->
