<?xml version="1.0" encoding="UTF-8"?>
<!-- Generated by org.testng.reporters.JUnitReportReporter -->
<testsuite hostname="LAPTOP-ERR8R0T2" failures="0" tests="1" name="presentation1.HardPopups" time="4.786" errors="0" timestamp="2025-09-15T11:07:16 CST" skipped="0">
  <testcase classname="presentation1.HardPopups" name="testFileUpload" time="4.786"/>
</testsuite> <!-- presentation1.HardPopups -->
