<?xml version="1.0" encoding="UTF-8"?>
<!-- Generated by org.testng.reporters.JUnitReportReporter -->
<testsuite hostname="LAPTOP-ERR8R0T2" failures="0" tests="3" name="presentation1.SoftPopupExample" time="21.298" errors="0" timestamp="2025-09-15T11:15:08 CST" skipped="0">
  <testcase classname="presentation1.SoftPopupExample" name="testJsPrompt" time="5.042"/>
  <testcase classname="presentation1.SoftPopupExample" name="testJsAlert" time="10.308"/>
  <testcase classname="presentation1.SoftPopupExample" name="testJsConfirm" time="5.948"/>
</testsuite> <!-- presentation1.SoftPopupExample -->
