<?xml version="1.0" encoding="UTF-8"?>
<!-- Generated by org.testng.reporters.JUnitReportReporter -->
<testsuite hostname="LAPTOP-ERR8R0T2" failures="0" tests="3" name="com.selenium.module1.Assignment1" time="14.473" errors="0" timestamp="2025-10-11T18:50:06 CST" skipped="0">
  <testcase classname="com.selenium.module1.Assignment1" name="selectOptionsAndCheckboxes" time="4.215"/>
  <testcase classname="com.selenium.module1.Assignment1" name="selectDropdown" time="5.414"/>
  <testcase classname="com.selenium.module1.Assignment1" name="verifyPageTitle" time="4.844"/>
</testsuite> <!-- com.selenium.module1.Assignment1 -->
