<?xml version="1.0" encoding="UTF-8"?>
<!-- Generated by org.testng.reporters.JUnitReportReporter -->
<testsuite hostname="LAPTOP-ERR8R0T2" failures="0" tests="1" name="com.selenium.module2.Assignment3" time="4.231" errors="0" timestamp="2025-10-09T19:54:19 CST" skipped="0">
  <testcase classname="com.selenium.module2.Assignment3" name="dragBoxAndTakeScreenshot" time="4.231"/>
</testsuite> <!-- com.selenium.module2.Assignment3 -->
