<?xml version="1.0" encoding="UTF-8"?>
<!-- Generated by org.testng.reporters.JUnitReportReporter -->
<testsuite hostname="LAPTOP-ERR8R0T2" failures="0" tests="6" name="com.selenium.module3.Assignment1" time="19.865" errors="0" timestamp="2025-10-05T20:28:28 CST" skipped="0">
  <testcase classname="com.selenium.module3.Assignment1" name="testLogin" time="2.659"/>
  <testcase classname="com.selenium.module3.Assignment1" name="testLogin" time="2.884"/>
  <testcase classname="com.selenium.module3.Assignment1" name="testLogin" time="2.413"/>
  <testcase classname="com.selenium.module3.Assignment1" name="testLogin" time="3.026"/>
  <testcase classname="com.selenium.module3.Assignment1" name="testLogin" time="3.356"/>
  <testcase classname="com.selenium.module3.Assignment1" name="testLogin" time="5.527"/>
</testsuite> <!-- com.selenium.module3.Assignment1 -->
