<?xml version="1.0" encoding="UTF-8"?>
<!-- Generated by org.testng.reporters.JUnitReportReporter -->
<testsuite hostname="LAPTOP-ERR8R0T2" failures="0" tests="1" name="clas.remaining.WebTableHandling" time="10.511" errors="0" timestamp="2025-10-10T23:48:35 CST" skipped="0">
  <testcase classname="clas.remaining.WebTableHandling" name="findRows" time="10.511"/>
</testsuite> <!-- clas.remaining.WebTableHandling -->
