<?xml version="1.0" encoding="UTF-8"?>
<!-- Generated by org.testng.reporters.JUnitReportReporter -->
<testsuite hostname="LAPTOP-ERR8R0T2" failures="0" tests="1" name="com.selenium.module4.Assignment1" time="17.459" errors="0" timestamp="2025-10-09T13:10:08 CST" skipped="0">
  <testcase classname="com.selenium.module4.Assignment1" name="testMultipleLogins" time="17.459"/>
</testsuite> <!-- com.selenium.module4.Assignment1 -->
