<?xml version="1.0" encoding="UTF-8"?>
<!-- Generated by org.testng.reporters.JUnitReportReporter -->
<testsuite hostname="LAPTOP-ERR8R0T2" failures="0" tests="1" name="com.selenium.module2.Assignment2" time="4.367" errors="0" timestamp="2025-09-28T20:45:47 CST" skipped="0">
  <testcase classname="com.selenium.module2.Assignment2" name="openBrowser" time="4.367"/>
</testsuite> <!-- com.selenium.module2.Assignment2 -->
