<?xml version="1.0" encoding="UTF-8"?>
<!-- Generated by org.testng.reporters.JUnitReportReporter -->
<testsuite hostname="LAPTOP-ERR8R0T2" failures="0" tests="1" name="com.selenium.module2.Assignment1" time="5.237" errors="0" timestamp="2025-10-04T15:40:11 CST" skipped="0">
  <testcase classname="com.selenium.module2.Assignment1" name="companyNames" time="5.237"/>
</testsuite> <!-- com.selenium.module2.Assignment1 -->
